<?xml version="1.0" encoding="utf-8"?><testsuites name="pytest tests"><testsuite name="pytest" errors="0" failures="0" skipped="0" tests="59" time="1.836" timestamp="2026-09-24T13:06:32.077347-05:00" hostname="MacBook-Air-2.attlocal.net"><testcase classname="tests.test_assessment" name="test_published_example" time="0.001" /><testcase classname="tests.test_assessment" name="test_reject_bad_counts[reference_defects--1]" time="0.000" /><testcase classname="tests.test_assessment" name="test_reject_bad_counts[reference_defects-True]" time="0.000" /><testcase classname="tests.test_assessment" name="test_reject_bad_counts[reference_defects-8.2]" time="0.000" /><testcase classname="tests.test_assessment" name="test_reject_bad_counts[detected_reference_defects-9]" time="0.000" /><testcase classname="tests.test_assessment" name="test_reject_bad_counts[detected_reference_omissions-4]" time="0.000" /><testcase classname="tests.test_assessment" name="test_reject_bad_counts[expected_recall_percent-nan]" time="0.000" /><testcase classname="tests.test_assessment" name="test_reject_bad_counts[expected_recall_percent-101]" time="0.000" /><testcase classname="tests.test_assessment" name="test_cross_subset_consistency" time="0.000" /><testcase classname="tests.test_assessment" name="test_missing_is_not_pass_or_zero" time="0.000" /><testcase classname="tests.test_assessment" name="test_unassessed_is_nonready_and_zero_recovery_requires_reason" time="0.000" /><testcase classname="tests.test_assessment" name="test_ready_is_not_approval" time="0.000" /><testcase classname="tests.test_assessment" name="test_abstention_missing_and_unknown" time="0.000" /><testcase classname="tests.test_assessment" name="test_ready_controls_and_population_separation" time="0.000" /><testcase classname="tests.test_assessment" name="test_check_totals" time="0.000" /><testcase classname="tests.test_mcp" name="test_stdio_roundtrip" time="0.456" /><testcase classname="tests.test_rc4" name="test_polished_without_baseline_cannot_proceed" time="0.001" /><testcase classname="tests.test_rc4" name="test_documentation_pass_never_claims_operational_performance" time="0.000" /><testcase classname="tests.test_rc4" name="test_prototype_without_traceability_revises" time="0.000" /><testcase classname="tests.test_rc4" name="test_low_risk_quick_is_sufficient" time="0.000" /><testcase classname="tests.test_rc4" name="test_higher_risk_escalates_and_requires_deeper_evidence" time="0.001" /><testcase classname="tests.test_rc4" name="test_gross_savings_can_be_erased_by_oversight" time="0.000" /><testcase classname="tests.test_rc4" name="test_evaluation_expense_is_separate" time="0.001" /><testcase classname="tests.test_rc4" name="test_missing_recovery_stops_quick" time="0.000" /><testcase classname="tests.test_rc4" name="test_feedback_permission_export" time="0.000" /><testcase classname="tests.test_rc4" name="test_pilot_exact_versions_and_provenance" time="0.001" /><testcase classname="tests.test_rc4" name="test_synthetic_pilot_cannot_unlock_release" time="0.000" /><testcase classname="tests.test_rc4" name="test_each_risk_dimension_changes_depth[complexity]" time="0.001" /><testcase classname="tests.test_rc4" name="test_each_risk_dimension_changes_depth[importance]" time="0.001" /><testcase classname="tests.test_rc4" name="test_each_risk_dimension_changes_depth[impact]" time="0.001" /><testcase classname="tests.test_rc4" name="test_each_risk_dimension_changes_depth[mission]" time="0.001" /><testcase classname="tests.test_rc4" name="test_each_risk_dimension_changes_depth[failure_consequence]" time="0.001" /><testcase classname="tests.test_rc4" name="test_each_risk_dimension_changes_depth[irreversibility]" time="0.001" /><testcase classname="tests.test_rc4" name="test_depth_changes_baseline_and_need_thresholds" time="0.001" /><testcase classname="tests.test_rc4" name="test_no_self_declared_independent_review" time="0.000" /><testcase classname="tests.test_rc4" name="test_quick_time_limit_is_enforced" time="0.001" /><testcase classname="tests.test_rc4" name="test_invalid_numeric_evidence_rejected[-1]" time="0.000" /><testcase classname="tests.test_rc4" name="test_invalid_numeric_evidence_rejected[True]" time="0.000" /><testcase classname="tests.test_rc4" name="test_invalid_numeric_evidence_rejected[12]" time="0.000" /><testcase classname="tests.test_rc4" name="test_invalid_numeric_evidence_rejected[nan]" time="0.000" /><testcase classname="tests.test_rc4" name="test_invalid_numeric_evidence_rejected[inf]" time="0.000" /><testcase classname="tests.test_rc4" name="test_dangling_duplicate_and_mislinked_traceability" time="0.001" /><testcase classname="tests.test_rc4" name="test_test_plan_is_not_executed_evidence" time="0.000" /><testcase classname="tests.test_rc4" name="test_duplicate_source_bytes_do_not_meet_multisource_threshold" time="0.000" /><testcase classname="tests.test_rc4" name="test_unassessed_additional_validation_cannot_be_averaged_away" time="0.000" /><testcase classname="tests.test_rc4" name="test_measured_oversight_cannot_be_claimed_upstream" time="0.000" /><testcase classname="tests.test_rc4" name="test_important_artifacts_and_reference_material_cannot_be_omitted" time="0.001" /><testcase classname="tests.test_rc4" name="test_critical_failure_cannot_be_waived_or_averaged" time="0.000" /><testcase classname="tests.test_rc4" name="test_full_failure_precedes_missing_evidence" time="0.000" /><testcase classname="tests.test_rc4" name="test_assumed_baseline_is_not_measured" time="0.000" /><testcase classname="tests.test_rc4" name="test_unknown_money_does_not_become_zero" time="0.000" /><testcase classname="tests.test_rc4" name="test_missing_oversight_blocks_and_roi_indeterminate" time="0.000" /><testcase classname="tests.test_rc4" name="test_cost_and_cycle_time_units" time="0.000" /><testcase classname="tests.test_rc4" name="test_operational_claims_require_actual_context" time="0.000" /><testcase classname="tests.test_rc4" name="test_synthetic_evidence_cannot_be_relabelled_human" time="0.000" /><testcase classname="tests.test_rc4" name="test_generated_parity_and_json_schemas" time="0.187" /><testcase classname="tests.test_rc4" name="test_portable_skill_matches_engine_all_fixtures" time="0.823" /><testcase classname="tests.test_rc4" name="test_baseline_history_is_byte_frozen" time="0.051" /><testcase classname="tests.test_rc4" name="test_change_manifest_maps_to_existing_tests_and_files" time="0.003" /></testsuite></testsuites>