<?xml version="1.0" encoding="utf-8"?><testsuites name="pytest tests"><testsuite name="pytest" errors="0" failures="0" skipped="0" tests="132" time="3.554" timestamp="2026-09-24T18:27:30.687530-05:00" hostname="MacBook-Air-2.attlocal.net"><testcase classname="tests.test_assessment" name="test_published_example" time="0.001" /><testcase classname="tests.test_assessment" name="test_reject_bad_counts[reference_defects--1]" time="0.000" /><testcase classname="tests.test_assessment" name="test_reject_bad_counts[reference_defects-True]" time="0.000" /><testcase classname="tests.test_assessment" name="test_reject_bad_counts[reference_defects-8.2]" time="0.000" /><testcase classname="tests.test_assessment" name="test_reject_bad_counts[detected_reference_defects-9]" time="0.000" /><testcase classname="tests.test_assessment" name="test_reject_bad_counts[detected_reference_omissions-4]" time="0.000" /><testcase classname="tests.test_assessment" name="test_reject_bad_counts[expected_recall_percent-nan]" time="0.000" /><testcase classname="tests.test_assessment" name="test_reject_bad_counts[expected_recall_percent-101]" time="0.000" /><testcase classname="tests.test_assessment" name="test_cross_subset_consistency" time="0.000" /><testcase classname="tests.test_assessment" name="test_missing_is_not_pass_or_zero" time="0.000" /><testcase classname="tests.test_assessment" name="test_unassessed_is_nonready_and_zero_recovery_requires_reason" time="0.000" /><testcase classname="tests.test_assessment" name="test_ready_is_not_approval" time="0.000" /><testcase classname="tests.test_assessment" name="test_abstention_missing_and_unknown" time="0.000" /><testcase classname="tests.test_assessment" name="test_ready_controls_and_population_separation" time="0.000" /><testcase classname="tests.test_assessment" name="test_check_totals" time="0.000" /><testcase classname="tests.test_deep_audit" name="test_changed_requirement_context_invalidates_validation[acceptance]" time="0.001" /><testcase classname="tests.test_deep_audit" name="test_changed_requirement_context_invalidates_validation[scope]" time="0.001" /><testcase classname="tests.test_deep_audit" name="test_changed_requirement_context_invalidates_validation[state]" time="0.001" /><testcase classname="tests.test_deep_audit" name="test_changed_requirement_context_invalidates_validation[reference]" time="0.001" /><testcase classname="tests.test_deep_audit" name="test_changed_requirement_context_invalidates_validation[dependencies]" time="0.001" /><testcase classname="tests.test_deep_audit" name="test_changed_requirement_context_invalidates_validation[authority]" time="0.001" /><testcase classname="tests.test_deep_audit" name="test_missing_requirement_fingerprint_is_missing_not_a_pass" time="0.000" /><testcase classname="tests.test_deep_audit" name="test_validation_targets_do_not_stamp_or_verify_evidence" time="0.001" /><testcase classname="tests.test_deep_audit" name="test_proposed_graph_cannot_pass_disconnected_or_unfinished[no_entry]" time="0.001" /><testcase classname="tests.test_deep_audit" name="test_proposed_graph_cannot_pass_disconnected_or_unfinished[orphan]" time="0.001" /><testcase classname="tests.test_deep_audit" name="test_proposed_graph_cannot_pass_disconnected_or_unfinished[no_exit]" time="0.001" /><testcase classname="tests.test_deep_audit" name="test_proposed_graph_cannot_pass_disconnected_or_unfinished[no_endpoint_flag]" time="0.001" /><testcase classname="tests.test_deep_audit" name="test_dangling_proposed_transition_is_invalid" time="0.000" /><testcase classname="tests.test_deep_audit" name="test_empty_authority_inventory_cannot_pass" time="0.000" /><testcase classname="tests.test_deep_audit" name="test_context_floors_override_self_declared_low_risk[safety_or_rights_impact-high]" time="0.001" /><testcase classname="tests.test_deep_audit" name="test_context_floors_override_self_declared_low_risk[irreversible_external_actions-high]" time="0.001" /><testcase classname="tests.test_deep_audit" name="test_context_floors_override_self_declared_low_risk[sensitive_data-moderate]" time="0.001" /><testcase classname="tests.test_deep_audit" name="test_context_floors_override_self_declared_low_risk[untrusted_input_to_actions-moderate]" time="0.001" /><testcase classname="tests.test_deep_audit" name="test_unknown_context_never_means_no_and_retains_known_floor" time="0.000" /><testcase classname="tests.test_deep_audit" name="test_affected_people_and_applicability_cannot_be_skipped[missing_domain]" time="0.001" /><testcase classname="tests.test_deep_audit" name="test_affected_people_and_applicability_cannot_be_skipped[unknown]" time="0.001" /><testcase classname="tests.test_deep_audit" name="test_affected_people_and_applicability_cannot_be_skipped[unjustified_na]" time="0.001" /><testcase classname="tests.test_deep_audit" name="test_affected_people_and_applicability_cannot_be_skipped[uncovered_role]" time="0.001" /><testcase classname="tests.test_deep_audit" name="test_affected_people_and_applicability_cannot_be_skipped[missing_requirement]" time="0.001" /><testcase classname="tests.test_deep_audit" name="test_human_use_and_control_cannot_be_declared_inapplicable" time="0.001" /><testcase classname="tests.test_deep_audit" name="test_context_and_applicability_cannot_contradict[sensitive_data]" time="0.001" /><testcase classname="tests.test_deep_audit" name="test_context_and_applicability_cannot_contradict[untrusted_input_to_actions]" time="0.001" /><testcase classname="tests.test_deep_audit" name="test_evidence_quality_needs_accountable_review[missing]" time="0.001" /><testcase classname="tests.test_deep_audit" name="test_evidence_quality_needs_accountable_review[agent]" time="0.001" /><testcase classname="tests.test_deep_audit" name="test_evidence_quality_needs_accountable_review[no_role]" time="0.001" /><testcase classname="tests.test_deep_audit" name="test_evidence_quality_needs_accountable_review[estimated_record]" time="0.001" /><testcase classname="tests.test_deep_audit" name="test_pilot_preserves_routing_and_unassessed_gates" time="0.002" /><testcase classname="tests.test_deep_audit" name="test_report_distinguishes_rule_checks_from_assurance" time="0.001" /><testcase classname="tests.test_deep_audit" name="test_candidate_two_remains_byte_frozen" time="0.006" /><testcase classname="tests.test_deep_audit" name="test_cli_targets_match_shared_engine" time="0.125" /><testcase classname="tests.test_deep_audit" name="test_deep_audit_public_pages_and_references" time="0.002" /><testcase classname="tests.test_deep_audit" name="test_worksheet_writing_spaces_remain_literal_and_tables_focusable" time="0.000" /><testcase classname="tests.test_editorial_integrity" name="test_candidate_three_remains_byte_frozen" time="0.022" /><testcase classname="tests.test_editorial_integrity" name="test_editorial_release_preserves_core_logic" time="0.004" /><testcase classname="tests.test_editorial_integrity" name="test_editorial_release_preserves_fixture_decisions[low-risk-quick]" time="0.106" /><testcase classname="tests.test_editorial_integrity" name="test_editorial_release_preserves_fixture_decisions[polished-no-baseline]" time="0.103" /><testcase classname="tests.test_editorial_integrity" name="test_editorial_release_preserves_fixture_decisions[documentation-no-operational-evidence]" time="0.102" /><testcase classname="tests.test_editorial_integrity" name="test_editorial_release_preserves_fixture_decisions[prototype-no-traceability]" time="0.103" /><testcase classname="tests.test_editorial_integrity" name="test_editorial_release_preserves_fixture_decisions[high-risk-quick]" time="0.102" /><testcase classname="tests.test_editorial_integrity" name="test_editorial_release_preserves_fixture_decisions[high-risk-full]" time="0.104" /><testcase classname="tests.test_editorial_integrity" name="test_editorial_release_preserves_fixture_decisions[savings-erased]" time="0.102" /><testcase classname="tests.test_editorial_integrity" name="test_editorial_release_preserves_fixture_decisions[expensive-evaluation]" time="0.102" /><testcase classname="tests.test_editorial_integrity" name="test_editorial_release_preserves_fixture_decisions[missing-recovery]" time="0.103" /><testcase classname="tests.test_editorial_integrity" name="test_editorial_release_preserves_criterion_identity" time="0.001" /><testcase classname="tests.test_editorial_integrity" name="test_editorial_release_preserves_risk_tables_and_formulas" time="0.001" /><testcase classname="tests.test_editorial_integrity" name="test_editorial_release_preserves_external_citations" time="0.004" /><testcase classname="tests.test_editorial_integrity" name="test_editorial_audit_is_linked_and_candidate_only" time="0.001" /><testcase classname="tests.test_experience" name="test_current_map_is_required_and_connected" time="0.001" /><testcase classname="tests.test_experience" name="test_current_map_requires_exit_and_observed_normal" time="0.001" /><testcase classname="tests.test_experience" name="test_need_sources_are_actual_distinct_origins[same_origin]" time="0.001" /><testcase classname="tests.test_experience" name="test_need_sources_are_actual_distinct_origins[general_reference]" time="0.001" /><testcase classname="tests.test_experience" name="test_need_sources_are_actual_distinct_origins[assumed_discussion]" time="0.001" /><testcase classname="tests.test_experience" name="test_stale_or_missing_tested_revision_never_passes" time="0.001" /><testcase classname="tests.test_experience" name="test_simulated_behavior_is_not_implemented_test" time="0.001" /><testcase classname="tests.test_experience" name="test_human_action_boundaries_required" time="0.001" /><testcase classname="tests.test_experience" name="test_preparation_is_costed_not_hidden_or_double_counted" time="0.002" /><testcase classname="tests.test_experience" name="test_routing_is_early_and_known_floor_retained" time="0.001" /><testcase classname="tests.test_experience" name="test_early_stop_does_not_hide_known_critical_findings" time="0.001" /><testcase classname="tests.test_experience" name="test_nonpositive_benefit_requires_rationale_and_stays_visible" time="0.001" /><testcase classname="tests.test_experience" name="test_guided_journey_starts_small_and_never_seeds_facts" time="0.002" /><testcase classname="tests.test_experience" name="test_stopped_run_revision_requires_trace" time="0.000" /><testcase classname="tests.test_experience" name="test_report_escapes_artifacts_and_has_drilldown" time="0.002" /><testcase classname="tests.test_experience" name="test_invalid_draft_does_not_echo_private_values" time="0.000" /><testcase classname="tests.test_experience" name="test_criteria_have_stable_ids_examples_and_gate_mapping" time="0.001" /><testcase classname="tests.test_experience" name="test_study_judgments_are_not_engineering_decisions_or_answer_keys" time="0.000" /><testcase classname="tests.test_experience" name="test_pilot_usability_records_are_optional_not_fabricated" time="0.001" /><testcase classname="tests.test_experience" name="test_first_candidate_is_byte_frozen" time="0.006" /><testcase classname="tests.test_experience" name="test_cli_guide_report_and_empty_start" time="0.271" /><testcase classname="tests.test_mcp" name="test_stdio_roundtrip" time="0.459" /><testcase classname="tests.test_rc4" name="test_polished_without_baseline_cannot_proceed" time="0.001" /><testcase classname="tests.test_rc4" name="test_documentation_pass_never_claims_operational_performance" time="0.001" /><testcase classname="tests.test_rc4" name="test_prototype_without_traceability_revises" time="0.001" /><testcase classname="tests.test_rc4" name="test_low_risk_quick_is_sufficient" time="0.001" /><testcase classname="tests.test_rc4" name="test_higher_risk_escalates_and_requires_deeper_evidence" time="0.001" /><testcase classname="tests.test_rc4" name="test_gross_savings_can_be_erased_by_oversight" time="0.001" /><testcase classname="tests.test_rc4" name="test_evaluation_expense_is_separate" time="0.001" /><testcase classname="tests.test_rc4" name="test_missing_recovery_stops_quick" time="0.001" /><testcase classname="tests.test_rc4" name="test_feedback_permission_export" time="0.001" /><testcase classname="tests.test_rc4" name="test_pilot_exact_versions_and_provenance" time="0.001" /><testcase classname="tests.test_rc4" name="test_synthetic_pilot_cannot_unlock_release" time="0.001" /><testcase classname="tests.test_rc4" name="test_each_risk_dimension_changes_depth[complexity]" time="0.001" /><testcase classname="tests.test_rc4" name="test_each_risk_dimension_changes_depth[importance]" time="0.001" /><testcase classname="tests.test_rc4" name="test_each_risk_dimension_changes_depth[impact]" time="0.001" /><testcase classname="tests.test_rc4" name="test_each_risk_dimension_changes_depth[mission]" time="0.001" /><testcase classname="tests.test_rc4" name="test_each_risk_dimension_changes_depth[failure_consequence]" time="0.001" /><testcase classname="tests.test_rc4" name="test_each_risk_dimension_changes_depth[irreversibility]" time="0.001" /><testcase classname="tests.test_rc4" name="test_depth_changes_baseline_and_need_thresholds" time="0.001" /><testcase classname="tests.test_rc4" name="test_no_self_declared_independent_review" time="0.001" /><testcase classname="tests.test_rc4" name="test_quick_time_limit_is_enforced" time="0.001" /><testcase classname="tests.test_rc4" name="test_invalid_numeric_evidence_rejected[-1]" time="0.000" /><testcase classname="tests.test_rc4" name="test_invalid_numeric_evidence_rejected[True]" time="0.000" /><testcase classname="tests.test_rc4" name="test_invalid_numeric_evidence_rejected[12]" time="0.000" /><testcase classname="tests.test_rc4" name="test_invalid_numeric_evidence_rejected[nan]" time="0.000" /><testcase classname="tests.test_rc4" name="test_invalid_numeric_evidence_rejected[inf]" time="0.000" /><testcase classname="tests.test_rc4" name="test_dangling_duplicate_and_mislinked_traceability" time="0.001" /><testcase classname="tests.test_rc4" name="test_test_plan_is_not_executed_evidence" time="0.001" /><testcase classname="tests.test_rc4" name="test_duplicate_source_bytes_do_not_meet_multisource_threshold" time="0.001" /><testcase classname="tests.test_rc4" name="test_unassessed_additional_validation_cannot_be_averaged_away" time="0.001" /><testcase classname="tests.test_rc4" name="test_measured_oversight_cannot_be_claimed_upstream" time="0.000" /><testcase classname="tests.test_rc4" name="test_important_artifacts_and_reference_material_cannot_be_omitted" time="0.001" /><testcase classname="tests.test_rc4" name="test_critical_failure_cannot_be_waived_or_averaged" time="0.001" /><testcase classname="tests.test_rc4" name="test_full_failure_precedes_missing_evidence" time="0.000" /><testcase classname="tests.test_rc4" name="test_assumed_baseline_is_not_measured" time="0.001" /><testcase classname="tests.test_rc4" name="test_unknown_money_does_not_become_zero" time="0.001" /><testcase classname="tests.test_rc4" name="test_missing_oversight_blocks_and_roi_indeterminate" time="0.002" /><testcase classname="tests.test_rc4" name="test_cost_and_cycle_time_units" time="0.001" /><testcase classname="tests.test_rc4" name="test_operational_claims_require_actual_context" time="0.001" /><testcase classname="tests.test_rc4" name="test_synthetic_evidence_cannot_be_relabelled_human" time="0.000" /><testcase classname="tests.test_rc4" name="test_generated_parity_and_json_schemas" time="0.223" /><testcase classname="tests.test_rc4" name="test_portable_skill_matches_engine_all_fixtures" time="0.849" /><testcase classname="tests.test_rc4" name="test_baseline_history_is_byte_frozen" time="0.182" /><testcase classname="tests.test_rc4" name="test_change_manifest_maps_to_existing_tests_and_files" time="0.005" /></testsuite></testsuites>